2019-04-11 14:30:49,398 [Worker-0] ERROR o.e.m.c.i.URLConnectionCaches - Unexpected URLConnection defaultUseCaches enabled
2019-04-11 14:30:50,366 [Worker-0] INFO  o.e.m.c.i.l.LifecycleMappingFactory - Using org.eclipse.m2e.jdt.JarLifecycleMapping lifecycle mapping for MavenProject: youhost_common:youhost_common:0.0.1 @ C:\JAVA_HOME\eGovFrame\eGovFrameDev-3.5.1-64bit\workspace\youhost_common\pom.xml.
2019-04-11 14:30:50,601 [Worker-0] WARN  o.e.m.c.i.embedder.EclipseLogger - The artifact jdom:jdom:jar:1.1 has been relocated to org.jdom:jdom:jar:1.1
2019-04-11 14:30:50,757 [Worker-0] ERROR o.e.m.c.i.URLConnectionCaches - Unexpected URLConnection defaultUseCaches enabled
2019-04-11 14:30:51,007 [Worker-0] INFO  o.e.m.c.i.embedder.EclipseLogger - Using 'UTF-8' encoding to copy filtered resources.
2019-04-11 14:30:51,054 [Worker-0] INFO  o.e.m.c.i.embedder.EclipseLogger - skip non existing resourceDirectory C:\JAVA_HOME\eGovFrame\eGovFrameDev-3.5.1-64bit\workspace\youhost_common\src\main\resources
2019-04-11 14:30:51,054 [Worker-0] INFO  o.e.m.c.i.embedder.EclipseLogger - Using 'UTF-8' encoding to copy filtered resources.
2019-04-11 14:30:51,054 [Worker-0] INFO  o.e.m.c.i.embedder.EclipseLogger - skip non existing resourceDirectory C:\JAVA_HOME\eGovFrame\eGovFrameDev-3.5.1-64bit\workspace\youhost_common\src\test\resources
2019-04-11 14:30:53,945 [Worker-2] WARN  o.e.m.c.i.embedder.EclipseLogger - The artifact jdom:jdom:jar:1.1 has been relocated to org.jdom:jdom:jar:1.1
2019-04-11 14:30:53,976 [Worker-2] ERROR o.e.m.c.i.URLConnectionCaches - Unexpected URLConnection defaultUseCaches enabled
2019-04-11 14:30:53,992 [Worker-2] INFO  o.e.m.c.i.embedder.EclipseLogger - Using 'UTF-8' encoding to copy filtered resources.
2019-04-11 14:30:53,992 [Worker-2] INFO  o.e.m.c.i.embedder.EclipseLogger - skip non existing resourceDirectory C:\JAVA_HOME\eGovFrame\eGovFrameDev-3.5.1-64bit\workspace\youhost_common\src\main\resources
2019-04-11 14:30:53,992 [Worker-2] INFO  o.e.m.c.i.embedder.EclipseLogger - Using 'UTF-8' encoding to copy filtered resources.
2019-04-11 14:30:53,992 [Worker-2] INFO  o.e.m.c.i.embedder.EclipseLogger - skip non existing resourceDirectory C:\JAVA_HOME\eGovFrame\eGovFrameDev-3.5.1-64bit\workspace\youhost_common\src\test\resources
2019-04-11 14:31:02,757 [Worker-1] ERROR o.e.m.c.i.URLConnectionCaches - Unexpected URLConnection defaultUseCaches enabled
2019-04-11 14:31:02,820 [Worker-1] INFO  o.e.m.c.i.l.LifecycleMappingFactory - Using org.eclipse.m2e.jdt.JarLifecycleMapping lifecycle mapping for MavenProject: kr.youhost:utils:0.0.1-SNAPSHOT @ C:\JAVA_HOME\eGovFrame\eGovFrameDev-3.5.1-64bit\workspace\utils\pom.xml.
2019-04-11 14:31:02,867 [Worker-1] ERROR o.e.m.c.i.URLConnectionCaches - Unexpected URLConnection defaultUseCaches enabled
2019-04-11 14:31:02,883 [Worker-1] INFO  o.e.m.c.i.embedder.EclipseLogger - Using 'UTF-8' encoding to copy filtered resources.
2019-04-11 14:31:02,883 [Worker-1] INFO  o.e.m.c.i.embedder.EclipseLogger - skip non existing resourceDirectory C:\JAVA_HOME\eGovFrame\eGovFrameDev-3.5.1-64bit\workspace\utils\src\main\resources
2019-04-11 14:31:02,883 [Worker-1] INFO  o.e.m.c.i.embedder.EclipseLogger - Using 'UTF-8' encoding to copy filtered resources.
2019-04-11 14:31:02,883 [Worker-1] INFO  o.e.m.c.i.embedder.EclipseLogger - skip non existing resourceDirectory C:\JAVA_HOME\eGovFrame\eGovFrameDev-3.5.1-64bit\workspace\utils\src\test\resources
2019-04-11 14:31:04,023 [Worker-3] ERROR o.e.m.c.i.URLConnectionCaches - Unexpected URLConnection defaultUseCaches enabled
2019-04-11 14:31:04,023 [Worker-3] INFO  o.e.m.c.i.embedder.EclipseLogger - Using 'UTF-8' encoding to copy filtered resources.
2019-04-11 14:31:04,023 [Worker-3] INFO  o.e.m.c.i.embedder.EclipseLogger - skip non existing resourceDirectory C:\JAVA_HOME\eGovFrame\eGovFrameDev-3.5.1-64bit\workspace\utils\src\main\resources
2019-04-11 14:31:04,023 [Worker-3] INFO  o.e.m.c.i.embedder.EclipseLogger - Using 'UTF-8' encoding to copy filtered resources.
2019-04-11 14:31:04,023 [Worker-3] INFO  o.e.m.c.i.embedder.EclipseLogger - skip non existing resourceDirectory C:\JAVA_HOME\eGovFrame\eGovFrameDev-3.5.1-64bit\workspace\utils\src\test\resources
2019-04-11 14:31:17,367 [Worker-8] ERROR o.e.m.c.i.URLConnectionCaches - Unexpected URLConnection defaultUseCaches enabled
2019-04-11 14:31:17,663 [Worker-8] INFO  o.e.m.c.i.l.LifecycleMappingFactory - Using org.maven.ide.eclipse.wtp.WarLifecycleMapping lifecycle mapping for MavenProject: kr.youhost:ems:1.0.0-BUILD-SNAPSHOT @ C:\JAVA_HOME\eGovFrame\eGovFrameDev-3.5.1-64bit\workspace\EmsAPI\pom.xml.
2019-04-11 14:31:19,101 [Worker-8] ERROR o.e.m.c.i.URLConnectionCaches - Unexpected URLConnection defaultUseCaches enabled
2019-04-11 14:31:19,117 [Worker-8] INFO  o.e.m.c.i.embedder.EclipseLogger - Using 'UTF-8' encoding to copy filtered resources.
2019-04-11 14:31:19,164 [Worker-8] INFO  o.e.m.c.i.embedder.EclipseLogger - Copying 16 resources
2019-04-11 14:31:19,180 [Worker-8] INFO  o.e.m.c.i.embedder.EclipseLogger - Using 'UTF-8' encoding to copy filtered resources.
2019-04-11 14:31:19,180 [Worker-8] INFO  o.e.m.c.i.embedder.EclipseLogger - Copying 1 resource
2019-04-11 14:31:33,789 [Worker-8] ERROR o.e.m.c.i.URLConnectionCaches - Unexpected URLConnection defaultUseCaches enabled
2019-04-11 14:31:33,789 [Worker-8] INFO  o.e.m.c.i.embedder.EclipseLogger - Using 'UTF-8' encoding to copy filtered resources.
2019-04-11 14:31:33,805 [Worker-8] INFO  o.e.m.c.i.embedder.EclipseLogger - Copying 16 resources
2019-04-11 14:31:33,805 [Worker-8] INFO  o.e.m.c.i.embedder.EclipseLogger - Using 'UTF-8' encoding to copy filtered resources.
2019-04-11 14:31:33,805 [Worker-8] INFO  o.e.m.c.i.embedder.EclipseLogger - Copying 1 resource
2019-04-11 14:34:29,304 [Worker-12] ERROR o.e.m.c.i.URLConnectionCaches - Unexpected URLConnection defaultUseCaches enabled
2019-04-11 14:34:29,304 [Worker-12] INFO  o.e.m.c.i.embedder.EclipseLogger - Using 'UTF-8' encoding to copy filtered resources.
2019-04-11 14:34:29,304 [Worker-12] INFO  o.e.m.c.i.embedder.EclipseLogger - Copying 1 resource
2019-04-11 14:34:29,304 [Worker-12] INFO  o.e.m.c.i.embedder.EclipseLogger - Using 'UTF-8' encoding to copy filtered resources.
2019-04-11 14:34:29,304 [Worker-12] INFO  o.e.m.c.i.embedder.EclipseLogger - Copying 0 resource
2019-04-11 14:37:39,803 [Worker-9] ERROR o.e.m.c.i.URLConnectionCaches - Unexpected URLConnection defaultUseCaches enabled
2019-04-11 14:37:39,805 [Worker-9] INFO  o.e.m.c.i.embedder.EclipseLogger - Using 'UTF-8' encoding to copy filtered resources.
2019-04-11 14:37:39,805 [Worker-9] INFO  o.e.m.c.i.embedder.EclipseLogger - skip non existing resourceDirectory C:\JAVA_HOME\eGovFrame\eGovFrameDev-3.5.1-64bit\workspace\utils\src\main\resources
2019-04-11 14:37:39,808 [Worker-9] INFO  o.e.m.c.i.embedder.EclipseLogger - Using 'UTF-8' encoding to copy filtered resources.
2019-04-11 14:37:39,808 [Worker-9] INFO  o.e.m.c.i.embedder.EclipseLogger - skip non existing resourceDirectory C:\JAVA_HOME\eGovFrame\eGovFrameDev-3.5.1-64bit\workspace\utils\src\test\resources
2019-04-11 14:37:39,825 [Worker-9] ERROR o.e.m.c.i.URLConnectionCaches - Unexpected URLConnection defaultUseCaches enabled
2019-04-11 14:37:39,827 [Worker-9] INFO  o.e.m.c.i.embedder.EclipseLogger - Using 'UTF-8' encoding to copy filtered resources.
2019-04-11 14:37:39,827 [Worker-9] INFO  o.e.m.c.i.embedder.EclipseLogger - skip non existing resourceDirectory C:\JAVA_HOME\eGovFrame\eGovFrameDev-3.5.1-64bit\workspace\youhost_common\src\main\resources
2019-04-11 14:37:39,842 [Worker-9] INFO  o.e.m.c.i.embedder.EclipseLogger - Using 'UTF-8' encoding to copy filtered resources.
2019-04-11 14:37:39,842 [Worker-9] INFO  o.e.m.c.i.embedder.EclipseLogger - skip non existing resourceDirectory C:\JAVA_HOME\eGovFrame\eGovFrameDev-3.5.1-64bit\workspace\youhost_common\src\test\resources
2019-04-11 14:37:39,852 [Worker-9] ERROR o.e.m.c.i.URLConnectionCaches - Unexpected URLConnection defaultUseCaches enabled
2019-04-11 14:37:39,853 [Worker-9] INFO  o.e.m.c.i.embedder.EclipseLogger - Using 'UTF-8' encoding to copy filtered resources.
2019-04-11 14:37:39,853 [Worker-9] INFO  o.e.m.c.i.embedder.EclipseLogger - Copying 0 resource
2019-04-11 14:37:39,855 [Worker-9] INFO  o.e.m.c.i.embedder.EclipseLogger - Using 'UTF-8' encoding to copy filtered resources.
2019-04-11 14:37:39,855 [Worker-9] INFO  o.e.m.c.i.embedder.EclipseLogger - Copying 0 resource
2019-04-11 15:13:36,695 [Worker-0] INFO  o.e.m.c.i.embedder.EclipseLogger - Using 'UTF-8' encoding to copy filtered resources.
2019-04-11 15:13:36,742 [Worker-0] INFO  o.e.m.c.i.embedder.EclipseLogger - Copying 16 resources
2019-04-11 15:13:36,774 [Worker-0] INFO  o.e.m.c.i.embedder.EclipseLogger - Using 'UTF-8' encoding to copy filtered resources.
2019-04-11 15:13:36,774 [Worker-0] INFO  o.e.m.c.i.embedder.EclipseLogger - Copying 1 resource
2019-04-11 15:14:32,477 [Worker-1] INFO  o.e.m.c.i.embedder.EclipseLogger - Using 'UTF-8' encoding to copy filtered resources.
2019-04-11 15:14:32,477 [Worker-1] INFO  o.e.m.c.i.embedder.EclipseLogger - skip non existing resourceDirectory C:\JAVA_HOME\eGovFrame\eGovFrameDev-3.5.1-64bit\workspace\utils\src\main\resources
2019-04-11 15:14:32,492 [Worker-1] INFO  o.e.m.c.i.embedder.EclipseLogger - Using 'UTF-8' encoding to copy filtered resources.
2019-04-11 15:14:32,492 [Worker-1] INFO  o.e.m.c.i.embedder.EclipseLogger - skip non existing resourceDirectory C:\JAVA_HOME\eGovFrame\eGovFrameDev-3.5.1-64bit\workspace\utils\src\test\resources
2019-04-11 15:14:32,617 [Worker-3] INFO  o.e.m.c.i.embedder.EclipseLogger - Using 'UTF-8' encoding to copy filtered resources.
2019-04-11 15:14:32,617 [Worker-3] INFO  o.e.m.c.i.embedder.EclipseLogger - skip non existing resourceDirectory C:\JAVA_HOME\eGovFrame\eGovFrameDev-3.5.1-64bit\workspace\utils\src\main\resources
2019-04-11 15:14:32,617 [Worker-3] INFO  o.e.m.c.i.embedder.EclipseLogger - Using 'UTF-8' encoding to copy filtered resources.
2019-04-11 15:14:32,617 [Worker-3] INFO  o.e.m.c.i.embedder.EclipseLogger - skip non existing resourceDirectory C:\JAVA_HOME\eGovFrame\eGovFrameDev-3.5.1-64bit\workspace\utils\src\test\resources
2019-04-11 15:14:32,915 [Worker-3] WARN  o.e.m.c.i.embedder.EclipseLogger - The artifact jdom:jdom:jar:1.1 has been relocated to org.jdom:jdom:jar:1.1
2019-04-11 15:14:32,930 [Worker-3] INFO  o.e.m.c.i.embedder.EclipseLogger - Using 'UTF-8' encoding to copy filtered resources.
2019-04-11 15:14:32,930 [Worker-3] INFO  o.e.m.c.i.embedder.EclipseLogger - skip non existing resourceDirectory C:\JAVA_HOME\eGovFrame\eGovFrameDev-3.5.1-64bit\workspace\youhost_common\src\main\resources
2019-04-11 15:14:32,930 [Worker-3] INFO  o.e.m.c.i.embedder.EclipseLogger - Using 'UTF-8' encoding to copy filtered resources.
2019-04-11 15:14:32,930 [Worker-3] INFO  o.e.m.c.i.embedder.EclipseLogger - skip non existing resourceDirectory C:\JAVA_HOME\eGovFrame\eGovFrameDev-3.5.1-64bit\workspace\youhost_common\src\test\resources
2019-04-11 15:14:33,024 [Worker-3] INFO  o.e.m.c.i.embedder.EclipseLogger - Using 'UTF-8' encoding to copy filtered resources.
2019-04-11 15:14:33,086 [Worker-3] INFO  o.e.m.c.i.embedder.EclipseLogger - Copying 0 resource
2019-04-11 15:14:33,102 [Worker-3] INFO  o.e.m.c.i.embedder.EclipseLogger - Using 'UTF-8' encoding to copy filtered resources.
2019-04-11 15:14:33,102 [Worker-3] INFO  o.e.m.c.i.embedder.EclipseLogger - Copying 0 resource
2019-04-11 15:16:01,805 [Worker-8] INFO  o.e.m.c.i.embedder.EclipseLogger - Using 'UTF-8' encoding to copy filtered resources.
2019-04-11 15:16:01,820 [Worker-8] INFO  o.e.m.c.i.embedder.EclipseLogger - Copying 16 resources
2019-04-11 15:16:01,836 [Worker-8] INFO  o.e.m.c.i.embedder.EclipseLogger - Using 'UTF-8' encoding to copy filtered resources.
2019-04-11 15:16:01,836 [Worker-8] INFO  o.e.m.c.i.embedder.EclipseLogger - Copying 1 resource
